04/04/22 6:23:01: index.scss - `pages/teaching-faculty` file not found for @import: index.scss on line 146, at column 1
04/04/22 6:23:01: index.scss - `pages/teaching-faculty` file not found for @import: index.scss on line 146, at column 1
04/04/22 6:23:03: index.scss - `pages/teaching-faculty` file not found for @import: index.scss on line 146, at column 1
04/04/22 6:23:03: index.scss - `pages/teaching-faculty` file not found for @import: index.scss on line 146, at column 1
04/04/22 6:23:04: index.scss - `pages/teaching-faculty` file not found for @import: index.scss on line 146, at column 1
04/04/22 6:23:07: index.scss - `pages/teaching-faculty` file not found for @import: index.scss on line 146, at column 1
04/04/22 6:23:10: index.scss - `pages/teaching-faculty` file not found for @import: index.scss on line 146, at column 1
04/04/22 6:23:11: index.scss - `pages/teaching-faculty` file not found for @import: index.scss on line 146, at column 1
04/04/22 6:23:15: index.scss - `pages/teaching-faculty` file not found for @import: index.scss on line 146, at column 1
04/04/22 6:23:18: index.scss - `pages/teaching-faculty` file not found for @import: index.scss on line 146, at column 1
04/04/22 6:23:20: index.scss - `pages/teaching-faculty` file not found for @import: index.scss on line 146, at column 1
04/04/22 6:23:27: index.scss - `pages/teaching-faculty` file not found for @import: index.scss on line 146, at column 1
04/04/22 6:23:28: index.scss - `pages/teaching-faculty` file not found for @import: index.scss on line 146, at column 1
04/04/22 6:23:33: index.scss - `pages/teaching-faculty` file not found for @import: index.scss on line 146, at column 1
04/04/22 6:23:44: index.scss - `pages/teaching-faculty` file not found for @import: index.scss on line 146, at column 1
04/04/22 6:23:48: index.scss - `pages/teaching-faculty` file not found for @import: index.scss on line 146, at column 1
04/04/22 6:23:48: index.scss - `pages/teaching-faculty` file not found for @import: index.scss on line 146, at column 1
04/04/22 6:23:52: index.scss - `pages/teaching-faculty` file not found for @import: index.scss on line 146, at column 1
04/04/22 6:23:53: index.scss - `pages/teaching-faculty` file not found for @import: index.scss on line 146, at column 1
04/04/22 6:23:53: index.scss - `pages/teaching-faculty` file not found for @import: index.scss on line 146, at column 1
04/04/22 6:24:03: index.scss - `pages/teaching-faculty` file not found for @import: index.scss on line 146, at column 1
04/04/22 6:24:10: index.scss - `pages/teaching-faculty` file not found for @import: index.scss on line 146, at column 1
04/04/22 6:24:11: index.scss - `pages/teaching-faculty` file not found for @import: index.scss on line 146, at column 1
04/04/22 6:24:11: index.scss - `pages/teaching-faculty` file not found for @import: index.scss on line 146, at column 1
04/04/22 6:24:18: index.scss - `pages/teaching-faculty` file not found for @import: index.scss on line 146, at column 1
04/04/22 6:24:19: index.scss - `pages/teaching-faculty` file not found for @import: index.scss on line 146, at column 1
04/04/22 6:24:22: index.scss - `pages/teaching-faculty` file not found for @import: index.scss on line 146, at column 1
04/04/22 6:24:24: index.scss - `pages/teaching-faculty` file not found for @import: index.scss on line 146, at column 1
04/04/22 6:24:26: index.scss - `pages/teaching-faculty` file not found for @import: index.scss on line 146, at column 1
04/04/22 6:24:30: index.scss - `pages/teaching-faculty` file not found for @import: index.scss on line 146, at column 1
04/04/22 6:24:31: index.scss - `pages/teaching-faculty` file not found for @import: index.scss on line 146, at column 1
04/04/22 6:24:32: index.scss - `pages/teaching-faculty` file not found for @import: index.scss on line 146, at column 1
04/04/22 6:24:37: index.scss - `pages/teaching-faculty` file not found for @import: index.scss on line 146, at column 1
04/04/22 6:24:41: index.scss - `pages/teaching-faculty` file not found for @import: index.scss on line 146, at column 1
04/04/22 6:24:44: index.scss - `pages/teaching-faculty` file not found for @import: index.scss on line 146, at column 1
04/04/22 6:24:45: index.scss - `pages/teaching-faculty` file not found for @import: index.scss on line 146, at column 1
04/04/22 6:24:48: index.scss - `pages/teaching-faculty` file not found for @import: index.scss on line 146, at column 1
04/04/22 6:24:50: index.scss - `pages/teaching-faculty` file not found for @import: index.scss on line 146, at column 1
04/04/22 6:24:52: index.scss - `pages/teaching-faculty` file not found for @import: index.scss on line 146, at column 1
04/04/22 6:24:52: index.scss - `pages/teaching-faculty` file not found for @import: index.scss on line 146, at column 1
04/04/22 6:24:55: index.scss - `pages/teaching-faculty` file not found for @import: index.scss on line 146, at column 1
04/04/22 6:24:57: index.scss - `pages/teaching-faculty` file not found for @import: index.scss on line 146, at column 1
04/04/22 6:24:59: index.scss - `pages/teaching-faculty` file not found for @import: index.scss on line 146, at column 1
04/04/22 6:25:04: index.scss - `pages/teaching-faculty` file not found for @import: index.scss on line 146, at column 1
04/04/22 6:25:05: index.scss - `pages/teaching-faculty` file not found for @import: index.scss on line 146, at column 1
04/04/22 6:25:07: index.scss - `pages/teaching-faculty` file not found for @import: index.scss on line 146, at column 1
04/04/22 6:25:10: index.scss - `pages/teaching-faculty` file not found for @import: index.scss on line 146, at column 1
04/04/22 6:25:10: index.scss - `pages/teaching-faculty` file not found for @import: index.scss on line 146, at column 1
04/04/22 6:25:12: index.scss - `pages/teaching-faculty` file not found for @import: index.scss on line 146, at column 1
04/04/22 6:25:14: index.scss - `pages/teaching-faculty` file not found for @import: index.scss on line 146, at column 1
04/04/22 6:25:15: index.scss - `pages/teaching-faculty` file not found for @import: index.scss on line 146, at column 1
04/04/22 6:25:21: index.scss - `pages/teaching-faculty` file not found for @import: index.scss on line 146, at column 1
04/04/22 6:25:22: index.scss - `pages/teaching-faculty` file not found for @import: index.scss on line 146, at column 1
04/04/22 6:25:23: index.scss - `pages/teaching-faculty` file not found for @import: index.scss on line 146, at column 1
04/04/22 6:25:27: index.scss - `pages/teaching-faculty` file not found for @import: index.scss on line 146, at column 1
04/04/22 6:25:28: index.scss - `pages/teaching-faculty` file not found for @import: index.scss on line 146, at column 1
04/04/22 6:25:29: index.scss - `pages/teaching-faculty` file not found for @import: index.scss on line 146, at column 1
04/04/22 6:25:29: index.scss - `pages/teaching-faculty` file not found for @import: index.scss on line 146, at column 1
04/04/22 6:25:30: index.scss - `pages/teaching-faculty` file not found for @import: index.scss on line 146, at column 1
04/04/22 6:25:33: index.scss - `pages/teaching-faculty` file not found for @import: index.scss on line 146, at column 1
04/04/22 6:25:37: index.scss - `pages/teaching-faculty` file not found for @import: index.scss on line 146, at column 1
04/04/22 6:25:37: index.scss - `pages/teaching-faculty` file not found for @import: index.scss on line 146, at column 1
04/04/22 6:25:39: index.scss - `pages/teaching-faculty` file not found for @import: index.scss on line 146, at column 1
04/04/22 6:25:39: index.scss - `pages/teaching-faculty` file not found for @import: index.scss on line 146, at column 1
04/04/22 6:25:42: index.scss - `pages/teaching-faculty` file not found for @import: index.scss on line 146, at column 1
04/04/22 6:25:42: index.scss - `pages/teaching-faculty` file not found for @import: index.scss on line 146, at column 1
04/04/22 6:25:45: index.scss - `pages/teaching-faculty` file not found for @import: index.scss on line 146, at column 1
04/04/22 6:25:46: index.scss - `pages/teaching-faculty` file not found for @import: index.scss on line 146, at column 1
04/04/22 6:25:46: index.scss - `pages/teaching-faculty` file not found for @import: index.scss on line 146, at column 1
04/04/22 6:25:48: index.scss - `pages/teaching-faculty` file not found for @import: index.scss on line 146, at column 1
04/04/22 6:25:49: index.scss - `pages/teaching-faculty` file not found for @import: index.scss on line 146, at column 1
04/04/22 6:25:51: index.scss - `pages/teaching-faculty` file not found for @import: index.scss on line 146, at column 1
04/04/22 6:25:51: index.scss - `pages/teaching-faculty` file not found for @import: index.scss on line 146, at column 1
04/04/22 6:25:51: index.scss - `pages/teaching-faculty` file not found for @import: index.scss on line 146, at column 1
04/04/22 6:25:54: index.scss - `pages/teaching-faculty` file not found for @import: index.scss on line 146, at column 1
04/04/22 6:25:54: index.scss - `pages/teaching-faculty` file not found for @import: index.scss on line 146, at column 1
04/04/22 6:25:54: index.scss - `pages/teaching-faculty` file not found for @import: index.scss on line 146, at column 1
04/04/22 6:26:01: index.scss - `pages/teaching-faculty` file not found for @import: index.scss on line 146, at column 1
04/04/22 6:26:06: index.scss - `pages/teaching-faculty` file not found for @import: index.scss on line 146, at column 1
04/04/22 6:26:12: index.scss - `pages/teaching-faculty` file not found for @import: index.scss on line 146, at column 1
04/04/22 6:26:21: index.scss - `pages/teaching-faculty` file not found for @import: index.scss on line 146, at column 1
04/04/22 10:04:13: index.scss - Undefined mixin desctop: pages/_map.scss on line 131, at column 9
Call Stack:
#0 import pages/_map.scss index.scss on line 154
04/04/22 10:04:33: index.scss - Undefined mixin desctop: pages/_map.scss on line 131, at column 9
Call Stack:
#0 import pages/_map.scss index.scss on line 154
04/04/22 10:04:37: index.scss - Undefined mixin desctop: pages/_map.scss on line 131, at column 9
Call Stack:
#0 import pages/_map.scss index.scss on line 154
04/04/22 10:04:37: index.scss - Undefined mixin desctop: pages/_map.scss on line 131, at column 9
Call Stack:
#0 import pages/_map.scss index.scss on line 154
04/07/22 11:20:07: index.scss - unclosed block: failed at `` /var/www/vhosts/sitepreview.app/interfaith.sitepreview.app/wp-content/themes/interfaith-theme/scss/pages/_single-course.scss on line 580, at column 0
04/07/22 11:54:09: index.scss - parse error: failed at `#870557 !important;` /var/www/vhosts/sitepreview.app/interfaith.sitepreview.app/wp-content/themes/interfaith-theme/scss/pages/_single-course.scss on line 772, at column 8
04/07/22 11:54:19: index.scss - parse error: failed at `#870557 !important;` /var/www/vhosts/sitepreview.app/interfaith.sitepreview.app/wp-content/themes/interfaith-theme/scss/pages/_single-course.scss on line 772, at column 8
04/08/22 12:04:09: index.scss - parse error: failed at `#870557 !important;` /var/www/vhosts/sitepreview.app/interfaith.sitepreview.app/wp-content/themes/interfaith-theme/scss/pages/_single-course.scss on line 785, at column 13
04/08/22 12:27:00: index.scss - Undefined mixin table: pages/_single-course.scss on line 710, at column 5
Call Stack:
#0 import pages/_single-course.scss index.scss on line 150
